#
# An unexpected error has occurred (11)
#
Stack:
/lib/x86_64-linux-gnu/libc.so.6(+0x3ef20) [0x7f7419272f20]
/tools/Xilinx/Vivado/2019.2/lib/lnx64.o/libverific.so(+0x5e4500) [0x7f741a972500]
/tools/Xilinx/Vivado/2019.2/lib/lnx64.o/libverific.so(Verific::hdl_file_sort::QuickParseVerilog(char const*)+0x952) [0x7f741a985fe2]
/tools/Xilinx/Vivado/2019.2/lib/lnx64.o/libverific.so(Verific::hdl_file_sort::QuickAnalyze(char const*, char const*)+0x79) [0x7f741a98fde9]
/tools/Xilinx/Vivado/2019.2/lib/lnx64.o/libverific.so(Verific::hdl_file_sort::CreateNode(char const*, char const*)+0x37) [0x7f741a990677]
/tools/Xilinx/Vivado/2019.2/lib/lnx64.o/libverific.so(Verific::hdl_file_sort::RegisterFileInternal(char const*, char const*, unsigned int, unsigned int, unsigned int)+0x5a) [0x7f741a991bea]
srcscanner() [0x49b510]
srcscanner() [0x4a37ff]
srcscanner() [0x4a397e]
srcscanner() [0x4506ea]
srcscanner() [0x47c0f8]
/tools/Xilinx/Vivado/2019.2/lib/lnx64.o/libtcl8.5.so(TclInvokeStringCommand+0x76) [0x7f741b4a6f66]
/tools/Xilinx/Vivado/2019.2/lib/lnx64.o/libtcl8.5.so(+0x334af) [0x7f741b4ab4af]
/tools/Xilinx/Vivado/2019.2/lib/lnx64.o/libtcl8.5.so(+0x34b38) [0x7f741b4acb38]
/tools/Xilinx/Vivado/2019.2/lib/lnx64.o/libtcl8.5.so(Tcl_EvalEx+0x13) [0x7f741b4ad0a3]
/tools/Xilinx/Vivado/2019.2/lib/lnx64.o/libtcl8.5.so(Tcl_Eval+0x15) [0x7f741b4ad0c5]
srcscanner(main+0x293) [0x43b993]
/lib/x86_64-linux-gnu/libc.so.6(__libc_start_main+0xe7) [0x7f7419255b97]
srcscanner() [0x43e9b7]
